<?xml version="1.0" encoding="UTF-8"?>
<testsuite name="com.hailey.spring.web.HelloControllerTest" tests="2" skipped="0" failures="0" errors="0" timestamp="2021-05-05T07:58:54" hostname="jeonghyeliui-MacBookAir.local" time="0.434">
  <properties/>
  <testcase name="hello가_리턴된다" classname="com.hailey.spring.web.HelloControllerTest" time="0.362"/>
  <testcase name="helloDto가_리턴된다" classname="com.hailey.spring.web.HelloControllerTest" time="0.066"/>
  <system-out><![CDATA[16:58:49.832 [Test worker] DEBUG org.springframework.test.context.junit4.SpringJUnit4ClassRunner - SpringJUnit4ClassRunner constructor called with [class com.hailey.spring.web.HelloControllerTest]
16:58:49.841 [Test worker] DEBUG org.springframework.test.context.BootstrapUtils - Instantiating CacheAwareContextLoaderDelegate from class [org.springframework.test.context.cache.DefaultCacheAwareContextLoaderDelegate]
16:58:49.847 [Test worker] DEBUG org.springframework.test.context.BootstrapUtils - Instantiating BootstrapContext using constructor [public org.springframework.test.context.support.DefaultBootstrapContext(java.lang.Class,org.springframework.test.context.CacheAwareContextLoaderDelegate)]
16:58:49.880 [Test worker] DEBUG org.springframework.test.context.BootstrapUtils - Instantiating TestContextBootstrapper for test class [com.hailey.spring.web.HelloControllerTest] from class [org.springframework.boot.test.autoconfigure.web.servlet.WebMvcTestContextBootstrapper]
16:58:49.901 [Test worker] INFO org.springframework.boot.test.autoconfigure.web.servlet.WebMvcTestContextBootstrapper - Neither @ContextConfiguration nor @ContextHierarchy found for test class [com.hailey.spring.web.HelloControllerTest], using SpringBootContextLoader
16:58:49.904 [Test worker] DEBUG org.springframework.test.context.support.AbstractContextLoader - Did not detect default resource location for test class [com.hailey.spring.web.HelloControllerTest]: class path resource [com/hailey/spring/web/HelloControllerTest-context.xml] does not exist
16:58:49.907 [Test worker] DEBUG org.springframework.test.context.support.AbstractContextLoader - Did not detect default resource location for test class [com.hailey.spring.web.HelloControllerTest]: class path resource [com/hailey/spring/web/HelloControllerTestContext.groovy] does not exist
16:58:49.907 [Test worker] INFO org.springframework.test.context.support.AbstractContextLoader - Could not detect default resource locations for test class [com.hailey.spring.web.HelloControllerTest]: no resource found for suffixes {-context.xml, Context.groovy}.
16:58:49.908 [Test worker] INFO org.springframework.test.context.support.AnnotationConfigContextLoaderUtils - Could not detect default configuration classes for test class [com.hailey.spring.web.HelloControllerTest]: HelloControllerTest does not declare any static, non-private, non-final, nested classes annotated with @Configuration.
16:58:50.027 [Test worker] DEBUG org.springframework.test.context.support.ActiveProfilesUtils - Could not find an 'annotation declaring class' for annotation type [org.springframework.test.context.ActiveProfiles] and class [com.hailey.spring.web.HelloControllerTest]
16:58:50.135 [Test worker] DEBUG org.springframework.context.annotation.ClassPathScanningCandidateComponentProvider - Identified candidate component class: file [/Users/junghyeri/study/MyWebService/build/classes/java/main/com/hailey/spring/Application.class]
16:58:50.137 [Test worker] INFO org.springframework.boot.test.context.SpringBootTestContextBootstrapper - Found @SpringBootConfiguration com.hailey.spring.Application for test class com.hailey.spring.web.HelloControllerTest
16:58:50.141 [Test worker] DEBUG org.springframework.boot.test.autoconfigure.web.servlet.WebMvcTestContextBootstrapper - @TestExecutionListeners is not present for class [com.hailey.spring.web.HelloControllerTest]: using defaults.
16:58:50.142 [Test worker] INFO org.springframework.boot.test.autoconfigure.web.servlet.WebMvcTestContextBootstrapper - Loaded default TestExecutionListener class names from location [META-INF/spring.factories]: [org.springframework.security.test.context.support.WithSecurityContextTestExecutionListener, org.springframework.security.test.context.support.ReactorContextTestExecutionListener, org.springframework.boot.test.autoconfigure.restdocs.RestDocsTestExecutionListener, org.springframework.boot.test.autoconfigure.web.client.MockRestServiceServerResetTestExecutionListener, org.springframework.boot.test.autoconfigure.web.servlet.MockMvcPrintOnlyOnFailureTestExecutionListener, org.springframework.boot.test.autoconfigure.web.servlet.WebDriverTestExecutionListener, org.springframework.boot.test.mock.mockito.MockitoTestExecutionListener, org.springframework.boot.test.mock.mockito.ResetMocksTestExecutionListener, org.springframework.test.context.web.ServletTestExecutionListener, org.springframework.test.context.support.DirtiesContextBeforeModesTestExecutionListener, org.springframework.test.context.support.DependencyInjectionTestExecutionListener, org.springframework.test.context.support.DirtiesContextTestExecutionListener, org.springframework.test.context.transaction.TransactionalTestExecutionListener, org.springframework.test.context.jdbc.SqlScriptsTestExecutionListener]
16:58:50.167 [Test worker] INFO org.springframework.boot.test.autoconfigure.web.servlet.WebMvcTestContextBootstrapper - Using TestExecutionListeners: [org.springframework.test.context.web.ServletTestExecutionListener@2f821727, org.springframework.test.context.support.DirtiesContextBeforeModesTestExecutionListener@48134594, org.springframework.boot.test.mock.mockito.MockitoTestExecutionListener@1e431ec7, org.springframework.boot.test.autoconfigure.SpringBootDependencyInjectionTestExecutionListener@5725abf9, org.springframework.test.context.support.DirtiesContextTestExecutionListener@68a1b515, org.springframework.test.context.transaction.TransactionalTestExecutionListener@3a4c7270, org.springframework.test.context.jdbc.SqlScriptsTestExecutionListener@3cffe6d8, org.springframework.security.test.context.support.WithSecurityContextTestExecutionListener@46fff8dd, org.springframework.security.test.context.support.ReactorContextTestExecutionListener@2313e40a, org.springframework.boot.test.autoconfigure.restdocs.RestDocsTestExecutionListener@7a95ddea, org.springframework.boot.test.autoconfigure.web.client.MockRestServiceServerResetTestExecutionListener@399f2d46, org.springframework.boot.test.autoconfigure.web.servlet.MockMvcPrintOnlyOnFailureTestExecutionListener@1f03b8, org.springframework.boot.test.autoconfigure.web.servlet.WebDriverTestExecutionListener@3c109405, org.springframework.boot.test.mock.mockito.ResetMocksTestExecutionListener@683e74e0]
16:58:50.168 [Test worker] DEBUG org.springframework.test.annotation.ProfileValueUtils - Retrieved @ProfileValueSourceConfiguration [null] for test class [com.hailey.spring.web.HelloControllerTest]
16:58:50.169 [Test worker] DEBUG org.springframework.test.annotation.ProfileValueUtils - Retrieved ProfileValueSource type [class org.springframework.test.annotation.SystemProfileValueSource] for class [com.hailey.spring.web.HelloControllerTest]
16:58:50.169 [Test worker] DEBUG org.springframework.test.annotation.ProfileValueUtils - Retrieved @ProfileValueSourceConfiguration [null] for test class [com.hailey.spring.web.HelloControllerTest]
16:58:50.169 [Test worker] DEBUG org.springframework.test.annotation.ProfileValueUtils - Retrieved ProfileValueSource type [class org.springframework.test.annotation.SystemProfileValueSource] for class [com.hailey.spring.web.HelloControllerTest]
16:58:50.174 [Test worker] DEBUG org.springframework.test.context.support.AbstractDirtiesContextTestExecutionListener - Before test class: context [DefaultTestContext@62217311 testClass = HelloControllerTest, testInstance = [null], testMethod = [null], testException = [null], mergedContextConfiguration = [WebMergedContextConfiguration@406bc288 testClass = HelloControllerTest, locations = '{}', classes = '{class com.hailey.spring.Application}', contextInitializerClasses = '[]', activeProfiles = '{}', propertySourceLocations = '{}', propertySourceProperties = '{org.springframework.boot.test.autoconfigure.web.servlet.WebMvcTestContextBootstrapper=true}', contextCustomizers = set[org.springframework.boot.test.autoconfigure.OverrideAutoConfigurationContextCustomizerFactory$DisableAutoConfigurationContextCustomizer@69d5bcc1, org.springframework.boot.test.autoconfigure.filter.TypeExcludeFiltersContextCustomizer@7c131997, org.springframework.boot.test.autoconfigure.properties.PropertyMappingContextCustomizer@e4e5e1ca, org.springframework.boot.test.autoconfigure.web.servlet.WebDriverContextCustomizerFactory$Customizer@45f7c4b, [ImportsContextCustomizer@165c4326 key = [org.springframework.boot.autoconfigure.cache.CacheAutoConfiguration, org.springframework.boot.autoconfigure.context.MessageSourceAutoConfiguration, org.springframework.boot.autoconfigure.data.web.SpringDataWebAutoConfiguration, org.springframework.boot.autoconfigure.freemarker.FreeMarkerAutoConfiguration, org.springframework.boot.autoconfigure.groovy.template.GroovyTemplateAutoConfiguration, org.springframework.boot.autoconfigure.gson.GsonAutoConfiguration, org.springframework.boot.autoconfigure.hateoas.HypermediaAutoConfiguration, org.springframework.boot.autoconfigure.http.HttpMessageConvertersAutoConfiguration, org.springframework.boot.autoconfigure.jackson.JacksonAutoConfiguration, org.springframework.boot.autoconfigure.jsonb.JsonbAutoConfiguration, org.springframework.boot.autoconfigure.mustache.MustacheAutoConfiguration, org.springframework.boot.autoconfigure.task.TaskExecutionAutoConfiguration, org.springframework.boot.autoconfigure.thymeleaf.ThymeleafAutoConfiguration, org.springframework.boot.autoconfigure.validation.ValidationAutoConfiguration, org.springframework.boot.autoconfigure.web.servlet.error.ErrorMvcAutoConfiguration, org.springframework.boot.autoconfigure.web.servlet.WebMvcAutoConfiguration, org.springframework.boot.test.autoconfigure.web.servlet.MockMvcAutoConfiguration, org.springframework.boot.test.autoconfigure.web.servlet.MockMvcSecurityAutoConfiguration, org.springframework.boot.test.autoconfigure.web.servlet.MockMvcWebClientAutoConfiguration, org.springframework.boot.test.autoconfigure.web.servlet.MockMvcWebDriverAutoConfiguration]], org.springframework.boot.test.context.filter.ExcludeFilterContextCustomizer@14fe0efa, org.springframework.boot.test.json.DuplicateJsonObjectContextCustomizerFactory$DuplicateJsonObjectContextCustomizer@1e274dd8, org.springframework.boot.test.mock.mockito.MockitoContextCustomizer@0], resourceBasePath = 'src/main/webapp', contextLoader = 'org.springframework.boot.test.context.SpringBootContextLoader', parent = [null]], attributes = map[[empty]]], class annotated with @DirtiesContext [false] with mode [null].
16:58:50.175 [Test worker] DEBUG org.springframework.test.annotation.ProfileValueUtils - Retrieved @ProfileValueSourceConfiguration [null] for test class [com.hailey.spring.web.HelloControllerTest]
16:58:50.175 [Test worker] DEBUG org.springframework.test.annotation.ProfileValueUtils - Retrieved ProfileValueSource type [class org.springframework.test.annotation.SystemProfileValueSource] for class [com.hailey.spring.web.HelloControllerTest]
16:58:50.182 [Test worker] DEBUG org.springframework.test.context.support.DependencyInjectionTestExecutionListener - Performing dependency injection for test context [[DefaultTestContext@62217311 testClass = HelloControllerTest, testInstance = com.hailey.spring.web.HelloControllerTest@56476723, testMethod = [null], testException = [null], mergedContextConfiguration = [WebMergedContextConfiguration@406bc288 testClass = HelloControllerTest, locations = '{}', classes = '{class com.hailey.spring.Application}', contextInitializerClasses = '[]', activeProfiles = '{}', propertySourceLocations = '{}', propertySourceProperties = '{org.springframework.boot.test.autoconfigure.web.servlet.WebMvcTestContextBootstrapper=true}', contextCustomizers = set[org.springframework.boot.test.autoconfigure.OverrideAutoConfigurationContextCustomizerFactory$DisableAutoConfigurationContextCustomizer@69d5bcc1, org.springframework.boot.test.autoconfigure.filter.TypeExcludeFiltersContextCustomizer@7c131997, org.springframework.boot.test.autoconfigure.properties.PropertyMappingContextCustomizer@e4e5e1ca, org.springframework.boot.test.autoconfigure.web.servlet.WebDriverContextCustomizerFactory$Customizer@45f7c4b, [ImportsContextCustomizer@165c4326 key = [org.springframework.boot.autoconfigure.cache.CacheAutoConfiguration, org.springframework.boot.autoconfigure.context.MessageSourceAutoConfiguration, org.springframework.boot.autoconfigure.data.web.SpringDataWebAutoConfiguration, org.springframework.boot.autoconfigure.freemarker.FreeMarkerAutoConfiguration, org.springframework.boot.autoconfigure.groovy.template.GroovyTemplateAutoConfiguration, org.springframework.boot.autoconfigure.gson.GsonAutoConfiguration, org.springframework.boot.autoconfigure.hateoas.HypermediaAutoConfiguration, org.springframework.boot.autoconfigure.http.HttpMessageConvertersAutoConfiguration, org.springframework.boot.autoconfigure.jackson.JacksonAutoConfiguration, org.springframework.boot.autoconfigure.jsonb.JsonbAutoConfiguration, org.springframework.boot.autoconfigure.mustache.MustacheAutoConfiguration, org.springframework.boot.autoconfigure.task.TaskExecutionAutoConfiguration, org.springframework.boot.autoconfigure.thymeleaf.ThymeleafAutoConfiguration, org.springframework.boot.autoconfigure.validation.ValidationAutoConfiguration, org.springframework.boot.autoconfigure.web.servlet.error.ErrorMvcAutoConfiguration, org.springframework.boot.autoconfigure.web.servlet.WebMvcAutoConfiguration, org.springframework.boot.test.autoconfigure.web.servlet.MockMvcAutoConfiguration, org.springframework.boot.test.autoconfigure.web.servlet.MockMvcSecurityAutoConfiguration, org.springframework.boot.test.autoconfigure.web.servlet.MockMvcWebClientAutoConfiguration, org.springframework.boot.test.autoconfigure.web.servlet.MockMvcWebDriverAutoConfiguration]], org.springframework.boot.test.context.filter.ExcludeFilterContextCustomizer@14fe0efa, org.springframework.boot.test.json.DuplicateJsonObjectContextCustomizerFactory$DuplicateJsonObjectContextCustomizer@1e274dd8, org.springframework.boot.test.mock.mockito.MockitoContextCustomizer@0], resourceBasePath = 'src/main/webapp', contextLoader = 'org.springframework.boot.test.context.SpringBootContextLoader', parent = [null]], attributes = map[[empty]]]].
16:58:50.274 [Test worker] DEBUG org.springframework.test.context.support.TestPropertySourceUtils - Adding inlined properties to environment: {spring.jmx.enabled=false, org.springframework.boot.test.autoconfigure.web.servlet.WebMvcTestContextBootstrapper=true, server.port=-1}

  .   ____          _            __ _ _
 /\\ / ___'_ __ _ _(_)_ __  __ _ \ \ \ \
( ( )\___ | '_ | '_| | '_ \/ _` | \ \ \ \
 \\/  ___)| |_)| | | | | || (_| |  ) ) ) )
  '  |____| .__|_| |_|_| |_\__, | / / / /
 =========|_|==============|___/=/_/_/_/
 :: Spring Boot ::        (v2.1.9.RELEASE)

2021-05-05 16:58:50.886  INFO 1416 --- [    Test worker] c.hailey.spring.web.HelloControllerTest  : Starting HelloControllerTest on jeonghyeliui-MacBookAir.local with PID 1416 (started by junghyeri in /Users/junghyeri/study/MyWebService)
2021-05-05 16:58:50.896  INFO 1416 --- [    Test worker] c.hailey.spring.web.HelloControllerTest  : No active profile set, falling back to default profiles: default
2021-05-05 16:58:53.281  INFO 1416 --- [    Test worker] o.s.s.concurrent.ThreadPoolTaskExecutor  : Initializing ExecutorService 'applicationTaskExecutor'
2021-05-05 16:58:53.426  INFO 1416 --- [    Test worker] o.s.b.a.w.s.WelcomePageHandlerMapping    : Adding welcome page template: index
2021-05-05 16:58:53.894  INFO 1416 --- [    Test worker] .s.s.UserDetailsServiceAutoConfiguration : 

Using generated security password: 437db51f-a1f3-47ce-b598-d96e1f9c79be

2021-05-05 16:58:54.076  INFO 1416 --- [    Test worker] o.s.s.web.DefaultSecurityFilterChain     : Creating filter chain: any request, [org.springframework.security.web.context.request.async.WebAsyncManagerIntegrationFilter@21713823, org.springframework.security.web.context.SecurityContextPersistenceFilter@60453e35, org.springframework.security.web.header.HeaderWriterFilter@17ceb61, org.springframework.security.web.csrf.CsrfFilter@4863496f, org.springframework.security.web.authentication.logout.LogoutFilter@5d608343, org.springframework.security.web.authentication.UsernamePasswordAuthenticationFilter@15660c06, org.springframework.security.web.authentication.ui.DefaultLoginPageGeneratingFilter@609fc7d0, org.springframework.security.web.authentication.ui.DefaultLogoutPageGeneratingFilter@d760429, org.springframework.security.web.authentication.www.BasicAuthenticationFilter@3418504d, org.springframework.security.web.savedrequest.RequestCacheAwareFilter@3a192619, org.springframework.security.web.servletapi.SecurityContextHolderAwareRequestFilter@2fe1df9a, org.springframework.security.web.authentication.AnonymousAuthenticationFilter@32803691, org.springframework.security.web.session.SessionManagementFilter@5b5a07ed, org.springframework.security.web.access.ExceptionTranslationFilter@4d417bb9, org.springframework.security.web.access.intercept.FilterSecurityInterceptor@1dcea93e]
2021-05-05 16:58:54.123  INFO 1416 --- [    Test worker] o.s.b.t.m.w.SpringBootMockServletContext : Initializing Spring TestDispatcherServlet ''
2021-05-05 16:58:54.123  INFO 1416 --- [    Test worker] o.s.t.web.servlet.TestDispatcherServlet  : Initializing Servlet ''
2021-05-05 16:58:54.147  INFO 1416 --- [    Test worker] o.s.t.web.servlet.TestDispatcherServlet  : Completed initialization in 24 ms
2021-05-05 16:58:54.235  INFO 1416 --- [    Test worker] c.hailey.spring.web.HelloControllerTest  : Started HelloControllerTest in 3.95 seconds (JVM running for 5.431)
]]></system-out>
  <system-err><![CDATA[]]></system-err>
</testsuite>
